2025-11-20T09:54:59Z [browserstack_sdk.__init__][INFO] - SDK run started with id: 5df8ab71-2219-4566-99e0-27920f9ee514
2025-11-20T09:54:59Z [browserstack_sdk.__init__][INFO] - Project and debug logs are captured by default. To disable, set disableAutoCaptureLogs: true in config.
2025-11-20T09:55:02Z [browserstack_sdk.__init__][INFO] - Setting up for Browserstack, using framework: robot
==============================================================================
testCases                                                                     
==============================================================================
testCases.Login Page Test                                                     
==============================================================================
Login Successful                                                      2025-11-20T09:55:02Z [browserstack_sdk.__init__][INFO] - Completed setup!
| PASS |
------------------------------------------------------------------------------
Password is incorrect                                                 2025-11-20T09:55:20Z [browserstack_sdk.__init__][INFO] - Completed setup!
| PASS |
------------------------------------------------------------------------------
User locked                                                           2025-11-20T09:55:40Z [browserstack_sdk.__init__][INFO] - Completed setup!
| PASS |
------------------------------------------------------------------------------
Password is required                                                  2025-11-20T09:56:12Z [browserstack_sdk.__init__][INFO] - Completed setup!
| PASS |
------------------------------------------------------------------------------
testCases.Login Page Test                                             | PASS |
4 tests, 4 passed, 0 failed
==============================================================================
testCases                                                             | PASS |
4 tests, 4 passed, 0 failed
==============================================================================
Output:  /Users/sarvarsadazov/PycharmProjects/qa-assignments/pabot_results/9/output.xml
2025-11-20T09:56:46Z [browserstack_sdk.__init__][INFO] - Handling session close
2025-11-20T09:56:46Z [browserstack_sdk.__init__][INFO] - All done!
