2025-11-20T09:56:16Z [browserstack_sdk.__init__][INFO] - SDK run started with id: 9043984b-1ca0-41f9-bb63-0245b376e4a3
2025-11-20T09:56:16Z [browserstack_sdk.__init__][INFO] - Project and debug logs are captured by default. To disable, set disableAutoCaptureLogs: true in config.
2025-11-20T09:56:18Z [browserstack_sdk.__init__][INFO] - Setting up for Browserstack, using framework: robot
==============================================================================
testCases                                                                     
==============================================================================
testCases.Login Page Test                                                     
==============================================================================
Login Successful                                                      2025-11-20T09:56:18Z [browserstack_sdk.__init__][INFO] - Completed setup!
| PASS |
------------------------------------------------------------------------------
Password is incorrect                                                 2025-11-20T09:56:41Z [browserstack_sdk.__init__][INFO] - Completed setup!
| PASS |
------------------------------------------------------------------------------
User locked                                                           2025-11-20T09:56:58Z [browserstack_sdk.__init__][INFO] - Completed setup!
| PASS |
------------------------------------------------------------------------------
Password is required                                                  2025-11-20T09:57:16Z [browserstack_sdk.__init__][INFO] - Completed setup!
| PASS |
------------------------------------------------------------------------------
testCases.Login Page Test                                             | PASS |
4 tests, 4 passed, 0 failed
==============================================================================
testCases                                                             | PASS |
4 tests, 4 passed, 0 failed
==============================================================================
Output:  /Users/sarvarsadazov/PycharmProjects/qa-assignments/pabot_results/11/output.xml
2025-11-20T09:57:48Z [browserstack_sdk.__init__][INFO] - Handling session close
2025-11-20T09:57:49Z [browserstack_sdk.__init__][INFO] - All done!
