2025-11-20T09:52:24Z [browserstack_sdk.__init__][INFO] - SDK run started with id: c920f409-9655-4f9d-a00b-a2d38c2890e7
2025-11-20T09:52:24Z [browserstack_sdk.__init__][INFO] - Project and debug logs are captured by default. To disable, set disableAutoCaptureLogs: true in config.
2025-11-20T09:52:26Z [browserstack_sdk.__init__][INFO] - Setting up for Browserstack, using framework: robot
==============================================================================
testCases                                                                     
==============================================================================
testCases.Cart Test                                                           
==============================================================================
Inventory Page shown successfully :: Проверка cart                    2025-11-20T09:52:26Z [browserstack_sdk.__init__][INFO] - Completed setup!
| PASS |
------------------------------------------------------------------------------
Check cart checkout                                                   2025-11-20T09:52:55Z [browserstack_sdk.__init__][INFO] - Completed setup!
| PASS |
------------------------------------------------------------------------------
testCases.Cart Test                                                   | PASS |
2 tests, 2 passed, 0 failed
==============================================================================
testCases                                                             | PASS |
2 tests, 2 passed, 0 failed
==============================================================================
Output:  /Users/sarvarsadazov/PycharmProjects/qa-assignments/pabot_results/0/output.xml
2025-11-20T09:53:29Z [browserstack_sdk.__init__][INFO] - Handling session close
2025-11-20T09:53:29Z [browserstack_sdk.__init__][INFO] - All done!
