2025-11-20T09:53:28Z [browserstack_sdk.__init__][INFO] - SDK run started with id: 4835842b-d6a4-40e9-9ea3-5c6e1b952498
2025-11-20T09:53:28Z [browserstack_sdk.__init__][INFO] - Project and debug logs are captured by default. To disable, set disableAutoCaptureLogs: true in config.
2025-11-20T09:53:32Z [browserstack_sdk.__init__][INFO] - Setting up for Browserstack, using framework: robot
==============================================================================
testCases                                                                     
==============================================================================
testCases.Inventory Page Test                                                 
==============================================================================
2025-11-20T09:53:32Z [browserstack_sdk.__init__][INFO] - Completed setup!
Inventory Page shown successfully :: Проверка что старница отображ... | PASS |
------------------------------------------------------------------------------
Addede to cart successfully :: Проверка что товар добавлятся в кор... | PASS |
------------------------------------------------------------------------------
Removed from cart successfully :: Проверка что товар удаляется из ... | PASS |
------------------------------------------------------------------------------
Go to item page sucessfully :: Проверка что переходит на страницу ... | FAIL |
ElementNotInteractableException: Message: Element <a id="item_4_title_link" href="#"> could not be scrolled into view; For documentation on this error, please visit: https://www.selenium.dev/documentation/webdriver/troubleshooting/errors#elementnotinteractableexception
Stacktrace:
RemoteError@chrome://remote/content/shared/RemoteError.sys.mjs:8:8
WebDriverError@chrome://remote/content/shared/webdriver/Errors.sys.mjs:193:5
ElementNotInteractableError@chrome://remote/content/shared/webdriver/Errors.sys.mjs:353:5
webdriverClickElement@chrome://remote/content/marionette/interaction.sys.mjs:167:11
interaction.clickElement@chrome://remote/content/marionette/interaction.sys.mjs:136:11
clickElement@chrome://remote/content/marionette/actors/MarionetteCommandsChild.sys.mjs:205:29
receiveMessage@chrome://remote/content/marionette/actors/MarionetteCommandsChild.sys.mjs:85:31
------------------------------------------------------------------------------
Check filters :: Проверка фильтра по цене                             | PASS |
------------------------------------------------------------------------------
testCases.Inventory Page Test                                         | FAIL |
5 tests, 4 passed, 1 failed
==============================================================================
testCases                                                             | FAIL |
5 tests, 4 passed, 1 failed
==============================================================================
Output:  /Users/sarvarsadazov/PycharmProjects/qa-assignments/pabot_results/3/output.xml
2025-11-20T09:54:52Z [browserstack_sdk.__init__][INFO] - Handling session close
2025-11-20T09:54:52Z [browserstack_sdk.__init__][INFO] - All done!
