2025-11-20T09:53:31Z [browserstack_sdk.__init__][INFO] - SDK run started with id: 681c9a18-5d0a-47fa-b563-220595f897bf
2025-11-20T09:53:31Z [browserstack_sdk.__init__][INFO] - Project and debug logs are captured by default. To disable, set disableAutoCaptureLogs: true in config.
2025-11-20T09:53:34Z [browserstack_sdk.__init__][INFO] - Setting up for Browserstack, using framework: robot
==============================================================================
testCases                                                                     
==============================================================================
testCases.Inventory Page Test                                                 
==============================================================================
2025-11-20T09:53:34Z [browserstack_sdk.__init__][INFO] - Completed setup!
Inventory Page shown successfully :: Проверка что старница отображ... | PASS |
------------------------------------------------------------------------------
Addede to cart successfully :: Проверка что товар добавлятся в кор... | PASS |
------------------------------------------------------------------------------
Removed from cart successfully :: Проверка что товар удаляется из ... | PASS |
------------------------------------------------------------------------------
Go to item page sucessfully :: Проверка что переходит на страницу ... | FAIL |
MoveTargetOutOfBoundsException: Message:
------------------------------------------------------------------------------
Check filters :: Проверка фильтра по цене                             | PASS |
------------------------------------------------------------------------------
testCases.Inventory Page Test                                         | FAIL |
5 tests, 4 passed, 1 failed
==============================================================================
testCases                                                             | FAIL |
5 tests, 4 passed, 1 failed
==============================================================================
Output:  /Users/sarvarsadazov/PycharmProjects/qa-assignments/pabot_results/4/output.xml
2025-11-20T09:54:13Z [browserstack_sdk.__init__][INFO] - Handling session close
2025-11-20T09:54:13Z [browserstack_sdk.__init__][INFO] - All done!
