2025-11-20T11:55:15Z [browserstack_sdk.__init__][INFO] - SDK run started with id: b0dca770-1e26-47f4-b70c-ccec74566aa7
2025-11-20T11:55:15Z [browserstack_sdk.__init__][INFO] - Project and debug logs are captured by default. To disable, set disableAutoCaptureLogs: true in config.
2025-11-20T11:55:18Z [browserstack_sdk.__init__][INFO] - Setting up for Browserstack, using framework: robot
==============================================================================
Login Page Test                                                               
==============================================================================
Login Successful                                                      2025-11-20T11:55:18Z [browserstack_sdk.__init__][INFO] - Completed setup!
| PASS |
------------------------------------------------------------------------------
Password is incorrect                                                 2025-11-20T11:55:41Z [browserstack_sdk.__init__][INFO] - Completed setup!
| PASS |
------------------------------------------------------------------------------
User locked                                                           2025-11-20T11:56:04Z [browserstack_sdk.__init__][INFO] - Completed setup!
| PASS |
------------------------------------------------------------------------------
Password is required                                                  2025-11-20T11:56:26Z [browserstack_sdk.__init__][INFO] - Completed setup!
| PASS |
------------------------------------------------------------------------------
Login Page Test                                                       | PASS |
4 tests, 4 passed, 0 failed
==============================================================================
Output:  /Users/sarvarsadazov/PycharmProjects/qa-assignments/pabot_results/1/output.xml
2025-11-20T11:56:46Z [browserstack_sdk.__init__][INFO] - Handling session close
2025-11-20T11:56:46Z [browserstack_sdk.__init__][INFO] - All done!
