2025-11-20T09:53:42Z [browserstack_sdk.__init__][INFO] - SDK run started with id: e5742111-0359-4d50-92f2-ad682ed60604
2025-11-20T09:53:42Z [browserstack_sdk.__init__][INFO] - Project and debug logs are captured by default. To disable, set disableAutoCaptureLogs: true in config.
2025-11-20T09:53:44Z [browserstack_sdk.__init__][INFO] - Setting up for Browserstack, using framework: robot
==============================================================================
testCases                                                                     
==============================================================================
testCases.Inventory Page Test                                                 
==============================================================================
2025-11-20T09:53:45Z [browserstack_sdk.__init__][INFO] - Completed setup!
Inventory Page shown successfully :: Проверка что старница отображ... | PASS |
------------------------------------------------------------------------------
Addede to cart successfully :: Проверка что товар добавлятся в кор... | PASS |
------------------------------------------------------------------------------
Removed from cart successfully :: Проверка что товар удаляется из ... | PASS |
------------------------------------------------------------------------------
Go to item page sucessfully :: Проверка что переходит на страницу ... | PASS |
------------------------------------------------------------------------------
Check filters :: Проверка фильтра по цене                             | PASS |
------------------------------------------------------------------------------
testCases.Inventory Page Test                                         | PASS |
5 tests, 5 passed, 0 failed
==============================================================================
testCases                                                             | PASS |
5 tests, 5 passed, 0 failed
==============================================================================
Output:  /Users/sarvarsadazov/PycharmProjects/qa-assignments/pabot_results/5/output.xml
2025-11-20T09:54:16Z [browserstack_sdk.__init__][INFO] - Handling session close
2025-11-20T09:54:16Z [browserstack_sdk.__init__][INFO] - All done!
