2025-11-20T09:54:54Z [browserstack_sdk.__init__][INFO] - SDK run started with id: 1e2b9c12-f0bc-4498-89a1-80efa277235c
2025-11-20T09:54:54Z [browserstack_sdk.__init__][INFO] - Project and debug logs are captured by default. To disable, set disableAutoCaptureLogs: true in config.
2025-11-20T09:54:57Z [browserstack_sdk.__init__][INFO] - Setting up for Browserstack, using framework: robot
==============================================================================
testCases                                                                     
==============================================================================
testCases.Login Page Error User Test                                          
==============================================================================
Cart works incorect :: Проверка что cart рабоатет неверно кнопка у... 2025-11-20T09:54:57Z [browserstack_sdk.__init__][INFO] - Completed setup!
1
| PASS |
------------------------------------------------------------------------------
Check filters :: Проверка фильтра по цене                             2025-11-20T09:55:41Z [browserstack_sdk.__init__][INFO] - Completed setup!
$29.99
$15.99
| PASS |
------------------------------------------------------------------------------
testCases.Login Page Error User Test                                  | PASS |
2 tests, 2 passed, 0 failed
==============================================================================
testCases                                                             | PASS |
2 tests, 2 passed, 0 failed
==============================================================================
Output:  /Users/sarvarsadazov/PycharmProjects/qa-assignments/pabot_results/8/output.xml
2025-11-20T09:56:13Z [browserstack_sdk.__init__][INFO] - Handling session close
2025-11-20T09:56:13Z [browserstack_sdk.__init__][INFO] - All done!
