2025-11-20T09:54:18Z [browserstack_sdk.__init__][INFO] - SDK run started with id: 0b4560e5-f366-4821-adb4-f8ffe28f008a
2025-11-20T09:54:18Z [browserstack_sdk.__init__][INFO] - Project and debug logs are captured by default. To disable, set disableAutoCaptureLogs: true in config.
2025-11-20T09:54:21Z [browserstack_sdk.__init__][INFO] - Setting up for Browserstack, using framework: robot
==============================================================================
testCases                                                                     
==============================================================================
testCases.Login Page Error User Test                                          
==============================================================================
Cart works incorect :: Проверка что cart рабоатет неверно кнопка у... 2025-11-20T09:54:21Z [browserstack_sdk.__init__][INFO] - Completed setup!
1
| PASS |
------------------------------------------------------------------------------
Check filters :: Проверка фильтра по цене                             2025-11-20T09:54:40Z [browserstack_sdk.__init__][INFO] - Completed setup!
$29.99
$15.99
| PASS |
------------------------------------------------------------------------------
testCases.Login Page Error User Test                                  | PASS |
2 tests, 2 passed, 0 failed
==============================================================================
testCases                                                             | PASS |
2 tests, 2 passed, 0 failed
==============================================================================
Output:  /Users/sarvarsadazov/PycharmProjects/qa-assignments/pabot_results/7/output.xml
2025-11-20T09:55:03Z [browserstack_sdk.__init__][INFO] - Handling session close
2025-11-20T09:55:03Z [browserstack_sdk.__init__][INFO] - All done!
